[debug] [2025-11-27T13:54:30.330Z] ----------------------------------------------------------------------
[debug] [2025-11-27T13:54:30.333Z] Command:       C:\Program Files\nodejs\node.exe C:\Users\SOLIS\AppData\Roaming\npm\node_modules\firebase-tools\lib\bin\firebase.js init
[debug] [2025-11-27T13:54:30.333Z] CLI Version:   14.26.0
[debug] [2025-11-27T13:54:30.333Z] Platform:      win32
[debug] [2025-11-27T13:54:30.333Z] Node Version:  v22.13.1
[debug] [2025-11-27T13:54:30.334Z] Time:          Thu Nov 27 2025 21:54:30 GMT+0800 (China Standard Time)
[debug] [2025-11-27T13:54:30.334Z] ----------------------------------------------------------------------
[debug] 
[debug] [2025-11-27T13:54:30.336Z] >>> [apiv2][query] GET https://firebase-public.firebaseio.com/cli.json [none]
[info] 
     ######## #### ########  ######## ########     ###     ######  ########
     ##        ##  ##     ## ##       ##     ##  ##   ##  ##       ##
     ######    ##  ########  ######   ########  #########  ######  ######
     ##        ##  ##    ##  ##       ##     ## ##     ##       ## ##
     ##       #### ##     ## ######## ########  ##     ##  ######  ########

You're about to initialize a Firebase project in this directory:

  C:\Users\SOLIS\Desktop\SIA---AUTH-SYSTEM

[debug] [2025-11-27T13:54:30.890Z] <<< [apiv2][status] GET https://firebase-public.firebaseio.com/cli.json 200
[debug] [2025-11-27T13:54:30.890Z] <<< [apiv2][body] GET https://firebase-public.firebaseio.com/cli.json {"cloudBuildErrorAfter":1594252800000,"cloudBuildWarnAfter":1590019200000,"defaultNode10After":1594252800000,"minVersion":"3.0.5","node8DeploysDisabledAfter":1613390400000,"node8RuntimeDisabledAfter":1615809600000,"node8WarnAfter":1600128000000}
[debug] [2025-11-27T13:54:42.119Z] ExitPromptError: User force closed the prompt with SIGINT
    at Interface.sigint (C:\Users\SOLIS\AppData\Roaming\npm\node_modules\firebase-tools\node_modules\@inquirer\core\dist\commonjs\lib\create-prompt.js:101:37)
    at Interface.emit (node:events:524:28)
    at Interface.emit (node:domain:489:12)
    at [_ttyWrite] [as _ttyWrite] (node:internal/readline/interface:1124:18)
    at ReadStream.onkeypress (node:internal/readline/interface:263:20)
    at ReadStream.emit (node:events:536:35)
    at ReadStream.emit (node:domain:489:12)
    at emitKeys (node:internal/readline/utils:370:14)
    at emitKeys.next (<anonymous>)
    at ReadStream.onData (node:internal/readline/emitKeypressEvents:64:36)
[error] 
[error] Error: An unexpected error has occurred.
